2016-12-05 20:43:04,023 - Testing - INFO - Error: The configured csv file is in a type of string encoding that cannot be decoded.
2016-12-05 20:43:04,040 - web services frontend - INFO - The values received were:yz
2016-12-05 20:43:04,041 - messaging_controller - INFO - Logging into the mail server...
2016-12-05 20:43:07,703 - mailing_manager - INFO - Error: el usuario, password o servidor son erroneos.
2016-12-05 20:43:07,703 - messaging_controller - INFO - Sending the mail...
2016-12-05 20:43:09,197 - messaging_controller - INFO - Error: message delivery wasn't possible
2016-12-05 20:43:09,215 - Testing - INFO - Values returned: 501 NOT IMPLEMENTED - {
  "resultado": "Error trying to send the mails to the given contacts"
}

2016-12-05 20:47:39,744 - Testing - INFO - Error: The configured csv file is in a type of string encoding that cannot be decoded.
2016-12-05 20:47:39,764 - web services frontend - INFO - The values received were:yz
2016-12-05 20:47:39,764 - messaging_controller - INFO - Logging into the mail server...
2016-12-05 20:47:43,700 - mailing_manager - INFO - Error: el usuario, password o servidor son erroneos.
2016-12-05 20:47:43,700 - messaging_controller - INFO - Sending the mail...
2016-12-05 20:47:43,700 - messaging_controller - INFO - Error: message delivery wasn't possible
2016-12-05 20:47:43,719 - Testing - INFO - Values returned: 501 NOT IMPLEMENTED - {
  "resultado": "Error trying to send the mails to the given contacts"
}

2016-12-05 20:48:43,906 - Testing - INFO - Error: The configured csv file is in a type of string encoding that cannot be decoded.
2016-12-05 20:48:43,926 - web services frontend - INFO - The values received were:yz
2016-12-05 20:48:43,941 - Testing - INFO - Values returned: 500 INTERNAL SERVER ERROR - <!DOCTYPE HTML PUBLIC "-//W3C//DTD HTML 3.2 Final//EN">
<title>500 Internal Server Error</title>
<h1>Internal Server Error</h1>
<p>The server encountered an internal error and was unable to complete your request.  Either the server is overloaded or there is an error in the application.</p>

2016-12-05 20:49:40,030 - Testing - INFO - Error: The configured csv file is in a type of string encoding that cannot be decoded.
2016-12-05 20:49:40,054 - web services frontend - INFO - The values received were:yz
2016-12-05 20:49:40,055 - web services frontend - INFO - The remitentes are:[u'prueba@gmail.com', u'tests@hotmail.com', u'ultimo@yahoo.com']
2016-12-05 20:49:40,055 - messaging_controller - INFO - Logging into the mail server...
2016-12-05 20:49:42,201 - mailing_manager - INFO - Error: el usuario, password o servidor son erroneos.
2016-12-05 20:49:42,201 - messaging_controller - INFO - Sending the mail...
2016-12-05 20:49:42,202 - messaging_controller - INFO - Error: message delivery wasn't possible
2016-12-05 20:49:42,219 - Testing - INFO - Values returned: 501 NOT IMPLEMENTED - {
  "resultado": "Error trying to send the mails to the given contacts"
}

2016-12-05 20:50:23,194 - Testing - INFO - Error: The configured csv file is in a type of string encoding that cannot be decoded.
2016-12-05 20:50:23,216 - web services frontend - INFO - The values received were:yz
2016-12-05 20:50:23,216 - web services frontend - INFO - The remitentes are:prueba@gmail.com
2016-12-05 20:50:23,217 - messaging_controller - INFO - Logging into the mail server...
2016-12-05 20:50:26,970 - mailing_manager - INFO - Error: el usuario, password o servidor son erroneos.
2016-12-05 20:50:26,970 - messaging_controller - INFO - Sending the mail...
2016-12-05 20:50:26,970 - messaging_controller - INFO - Error: message delivery wasn't possible
2016-12-05 20:50:26,976 - Testing - INFO - Values returned: 501 NOT IMPLEMENTED - {
  "resultado": "Error trying to send the mails to the given contacts"
}

2016-12-05 20:53:27,102 - Testing - INFO - Error: The configured csv file is in a type of string encoding that cannot be decoded.
2016-12-05 20:53:27,118 - web services frontend - INFO - The values received were:yz
2016-12-05 20:53:27,118 - messaging_controller - INFO - Logging into the mail server...
2016-12-05 20:53:31,130 - mailing_manager - INFO - Error: el usuario, password o servidor son erroneos.
2016-12-05 20:53:31,130 - messaging_controller - INFO - Sending the mail for prueba@gmail.com
2016-12-05 20:53:32,278 - messaging_controller - INFO - Error: message delivery wasn't possible
2016-12-05 20:53:32,296 - Testing - INFO - Values returned: 501 NOT IMPLEMENTED - {
  "resultado": "Error trying to send the mails to the given contacts"
}

2016-12-05 20:57:36,836 - Testing - INFO - Error: The configured csv file is in a type of string encoding that cannot be decoded.
2016-12-05 20:57:36,861 - web services frontend - INFO - The values received were:yz
2016-12-05 20:57:36,861 - messaging_controller - INFO - Logging into the mail server...
2016-12-05 20:57:40,766 - mailing_manager - INFO - Error: el usuario, password o servidor son erroneos.
2016-12-05 20:57:40,767 - messaging_controller - INFO - Sending the mail for prueba@gmail.com
2016-12-05 20:57:42,193 - messaging_controller - INFO - Error: message delivery wasn't possible
2016-12-05 20:57:42,985 - Testing - INFO - Values returned: 501 NOT IMPLEMENTED - {
  "resultado": "Error trying to send the mails to the given contacts"
}

2016-12-06 19:56:16,545 - Testing - INFO - Error: The configured csv file is in a type of string encoding that cannot be decoded.
2016-12-06 19:56:16,878 - web services frontend - INFO - The subject received was:mail de pruebas
2016-12-06 19:56:16,879 - messaging_controller - INFO - Logging into the mail server...
2016-12-06 19:56:20,968 - mailing_manager - INFO - Error: el usuario, password o servidor son erroneos.
2016-12-06 19:56:20,969 - messaging_controller - INFO - Sending the mail for prueba@gmail.com
2016-12-06 19:56:21,503 - messaging_controller - INFO - Error: message delivery wasn't possible
2016-12-06 19:56:22,148 - Testing - INFO - Values returned: 501 NOT IMPLEMENTED - {
  "resultado": "Error trying to send the mails to the given contacts"
}

2016-12-06 20:06:26,922 - Testing - INFO - Error: The configured csv file is in a type of string encoding that cannot be decoded.
2016-12-06 20:06:26,922 - Testing - INFO - Error: The configured csv file is in a type of string encoding that cannot be decoded.
2016-12-06 20:06:26,976 - web services frontend - INFO - The subject received was:mail de pruebas
2016-12-06 20:06:26,976 - web services frontend - INFO - The subject received was:mail de pruebas
2016-12-06 20:06:26,979 - messaging_controller - INFO - Logging into the mail server...
2016-12-06 20:06:26,979 - messaging_controller - INFO - Logging into the mail server...
2016-12-06 20:06:29,471 - mailing_manager - INFO - Error: el usuario, password o servidor son erroneos.
2016-12-06 20:06:29,471 - mailing_manager - INFO - Error: el usuario, password o servidor son erroneos.
2016-12-06 20:06:29,472 - messaging_controller - INFO - Sending the mail for prueba@gmail.com
2016-12-06 20:06:29,472 - messaging_controller - INFO - Sending the mail for prueba@gmail.com
2016-12-06 20:06:29,969 - Testing - INFO - Values returned: 500 INTERNAL SERVER ERROR - <!DOCTYPE HTML PUBLIC "-//W3C//DTD HTML 3.2 Final//EN">
<title>500 Internal Server Error</title>
<h1>Internal Server Error</h1>
<p>The server encountered an internal error and was unable to complete your request.  Either the server is overloaded or there is an error in the application.</p>

2016-12-06 20:06:29,969 - Testing - INFO - Values returned: 500 INTERNAL SERVER ERROR - <!DOCTYPE HTML PUBLIC "-//W3C//DTD HTML 3.2 Final//EN">
<title>500 Internal Server Error</title>
<h1>Internal Server Error</h1>
<p>The server encountered an internal error and was unable to complete your request.  Either the server is overloaded or there is an error in the application.</p>

2016-12-06 20:12:45,610 - Testing - INFO - Error: The configured csv file is in a type of string encoding that cannot be decoded.
2016-12-06 20:12:45,970 - web services frontend - INFO - The subject received was:mail de pruebas
2016-12-06 20:12:45,971 - messaging_controller - INFO - Logging into the mail server...
2016-12-06 20:12:47,206 - mailing_manager - INFO - Error: el usuario, password o servidor son erroneos.
2016-12-06 20:12:47,208 - messaging_controller - INFO - Sending the mail for prueba@gmail.com
2016-12-06 20:12:47,762 - Testing - INFO - Values returned: 500 INTERNAL SERVER ERROR - <!DOCTYPE HTML PUBLIC "-//W3C//DTD HTML 3.2 Final//EN">
<title>500 Internal Server Error</title>
<h1>Internal Server Error</h1>
<p>The server encountered an internal error and was unable to complete your request.  Either the server is overloaded or there is an error in the application.</p>

2016-12-06 20:19:36,609 - Testing - INFO - Error: The configured csv file is in a type of string encoding that cannot be decoded.
2016-12-06 20:19:36,924 - web services frontend - INFO - The subject received was:mail de pruebas
2016-12-06 20:19:36,924 - messaging_controller - INFO - Logging into the mail server...
2016-12-06 20:19:39,579 - mailing_manager - INFO - Error: el usuario, password o servidor son erroneos.
2016-12-06 20:19:39,580 - messaging_controller - INFO - Sending the mail for prueba@gmail.com
2016-12-06 20:19:39,962 - messaging_controller - INFO - error for :prueba@gmail.com error: global name 'log' is not defined
2016-12-06 20:19:39,964 - messaging_controller - INFO - Sending the mail for tests@hotmail.com
2016-12-06 20:19:40,363 - messaging_controller - INFO - error for :tests@hotmail.com error: global name 'log' is not defined
2016-12-06 20:19:40,364 - messaging_controller - INFO - Sending the mail for ultimo@yahoo.com
2016-12-06 20:19:40,762 - messaging_controller - INFO - error for :ultimo@yahoo.com error: global name 'log' is not defined
2016-12-06 20:19:40,764 - messaging_controller - INFO - Success! login out.
2016-12-06 20:19:41,076 - Testing - INFO - Values returned: 200 OK - {
  "resultado": 0
}

2016-12-06 20:36:19,988 - Testing - INFO - Error: The configured csv file is in a type of string encoding that cannot be decoded.
2016-12-06 20:36:19,988 - Testing - INFO - Error: The configured csv file is in a type of string encoding that cannot be decoded.
2016-12-06 20:36:20,058 - web services frontend - INFO - The subject received was:mail de pruebas
2016-12-06 20:36:20,058 - web services frontend - INFO - The subject received was:mail de pruebas
2016-12-06 20:36:20,060 - messaging_controller - INFO - Logging into the mail server...
2016-12-06 20:36:20,060 - messaging_controller - INFO - Logging into the mail server...
2016-12-06 20:36:22,070 - mailing_manager - INFO - Usuario hernanezequielmartinez@gmail.com conectado.
2016-12-06 20:36:22,070 - mailing_manager - INFO - Usuario hernanezequielmartinez@gmail.com conectado.
2016-12-06 20:36:22,073 - messaging_controller - INFO - Sending the mail for prueba@gmail.com
2016-12-06 20:36:22,073 - messaging_controller - INFO - Sending the mail for prueba@gmail.com
2016-12-06 20:36:25,337 - messaging_controller - INFO - error for :prueba@gmail.com error: global name 'log' is not defined
2016-12-06 20:36:25,337 - messaging_controller - INFO - error for :prueba@gmail.com error: global name 'log' is not defined
2016-12-06 20:36:25,338 - messaging_controller - INFO - Sending the mail for tests@hotmail.com
2016-12-06 20:36:25,338 - messaging_controller - INFO - Sending the mail for tests@hotmail.com
2016-12-06 20:36:27,385 - messaging_controller - INFO - error for :tests@hotmail.com error: global name 'log' is not defined
2016-12-06 20:36:27,385 - messaging_controller - INFO - error for :tests@hotmail.com error: global name 'log' is not defined
2016-12-06 20:36:27,386 - messaging_controller - INFO - Sending the mail for ultimo@yahoo.com
2016-12-06 20:36:27,386 - messaging_controller - INFO - Sending the mail for ultimo@yahoo.com
2016-12-06 20:36:29,016 - messaging_controller - INFO - error for :ultimo@yahoo.com error: global name 'log' is not defined
2016-12-06 20:36:29,016 - messaging_controller - INFO - error for :ultimo@yahoo.com error: global name 'log' is not defined
2016-12-06 20:36:29,024 - messaging_controller - INFO - Success! login out.
2016-12-06 20:36:29,024 - messaging_controller - INFO - Success! login out.
2016-12-06 20:36:29,278 - Testing - INFO - Values returned: 200 OK - {
  "resultado": 0
}

2016-12-06 20:36:29,278 - Testing - INFO - Values returned: 200 OK - {
  "resultado": 0
}

2016-12-09 17:46:26,838 - web services frontend - INFO - Uploading the posted file...
2016-12-09 17:46:26,853 - web services frontend - INFO - Saving file to disk...
2016-12-09 17:53:12,289 - web services frontend - INFO - Uploading the posted file...
2016-12-09 17:53:12,295 - web services frontend - INFO - Saving file to disk...
2016-12-09 17:53:12,299 - web services frontend - INFO - Internal Error:[Errno 2] No such file or directory: '/uploads/linkedin_connections_export_microsoft_outlook_dummy.csv'
2016-12-09 17:54:23,197 - web services frontend - INFO - Uploading the posted file...
2016-12-09 17:54:23,205 - web services frontend - INFO - Saving file to disk...
2016-12-09 17:54:23,217 - web services frontend - INFO - File uploaded successfully!
2016-12-09 17:54:45,517 - web services frontend - INFO - Uploading the posted file...
2016-12-09 17:54:45,527 - web services frontend - INFO - Saving file to disk...
2016-12-09 17:54:45,528 - web services frontend - INFO - File uploaded successfully!
2016-12-09 17:55:34,897 - web services frontend - INFO - Uploading the posted file...
2016-12-09 17:55:34,931 - web services frontend - INFO - Saving file to disk...
2016-12-09 17:55:34,933 - web services frontend - INFO - File uploaded successfully!
2016-12-09 18:08:49,636 - web services frontend - INFO - Uploading the posted file...
2016-12-09 18:08:49,951 - web services frontend - INFO - Saving file to disk...
2016-12-09 18:08:50,177 - web services frontend - INFO - File uploaded successfully!
2016-12-18 18:24:54,991 - REST ContactosController - INFO - Openning connections to the database for querying. 
2016-12-18 18:24:55,081 - REST ContactosController - INFO - Data retrieved. Records: 1335
2016-12-18 18:35:52,612 - REST ContactosController - INFO - Openning connections to the database for querying. 
2016-12-18 18:35:52,612 - REST ContactosController - INFO - Openning connections to the database for querying. 
2016-12-18 18:35:52,708 - REST ContactosController - INFO - Data retrieved. Records: 1335
2016-12-18 18:35:52,708 - REST ContactosController - INFO - Data retrieved. Records: 1335
2016-12-18 18:35:52,761 - REST ContactosController - INFO - Record processed: N95n705n7colĹ5 F95n705n7oyu35n7nt95n705n7no
2016-12-18 18:35:52,761 - REST ContactosController - INFO - Record processed: N95n705n7colĹ5 F95n705n7oyu35n7nt95n705n7no
